<?xml version="1.0" encoding="UTF-8"?>
<!-- Generated by org.testng.reporters.JUnitReportReporter -->
<testsuite hostname="DESKTOP-NRO9H63" failures="0" tests="3" name="crudOperations.Crud" time="7.252" errors="0" timestamp="16 May 2021 06:28:27 GMT" skipped="0">
  <testcase classname="crudOperations.Crud" name="verifyGetResponseCall" time="1.815"/>
  <testcase classname="crudOperations.Crud" name="verifyPostResponseCall" time="1.446"/>
  <testcase classname="crudOperations.Crud" name="verifyDeleteResponseCall" time="3.991"/>
</testsuite> <!-- crudOperations.Crud -->
